<?xml version="1.0" encoding="UTF-8"?>
<!-- Generated by org.testng.reporters.JUnitReportReporter -->
<testsuite skipped="1" hostname="DESKTOP-7LQFQS6" name="com.testingshastra.CucumberRunner.Runner" tests="1" failures="0" timestamp="16 Jun 2020 21:07:31 GMT" time="27.093" errors="0">
  <testcase name="runScenario" time="27.093" classname="com.testingshastra.CucumberRunner.Runner">
    <skipped/>
  </testcase> <!-- runScenario -->
</testsuite> <!-- com.testingshastra.CucumberRunner.Runner -->
