<?xml version="1.0" encoding="UTF-8"?>
<!-- Generated by org.testng.reporters.JUnitReportReporter -->
<testsuite skipped="0" hostname="DESKTOP-7LQFQS6" name="com.testingshastra.pages.menLinkSelectprodTest" tests="1" failures="0" timestamp="04 Jun 2020 01:27:35 GMT" time="18.924" errors="0">
  <testcase name="menLinkSelectProd" time="18.924" classname="com.testingshastra.pages.menLinkSelectprodTest"/>
</testsuite> <!-- com.testingshastra.pages.menLinkSelectprodTest -->
