<?xml version="1.0" encoding="UTF-8"?>
<!-- Generated by org.testng.reporters.JUnitReportReporter -->
<testsuite hostname="DESKTOP-1FKFP5A" failures="0" tests="1" name="com.testingshastra.CucumberRunner.Runner" time="22.801" errors="0" timestamp="21 Jun 2020 02:54:55 GMT" skipped="0">
  <testcase classname="com.testingshastra.CucumberRunner.Runner" name="runScenario" time="22.801"/>
</testsuite> <!-- com.testingshastra.CucumberRunner.Runner -->
