<?xml version="1.0" encoding="UTF-8"?>
<!-- Generated by org.testng.reporters.JUnitReportReporter -->
<testsuite skipped="0" hostname="DESKTOP-7LQFQS6" name="com.testingshastra.pages.allLinkSelectprodTest" tests="1" failures="0" timestamp="06 Jun 2020 02:04:53 GMT" time="66.215" errors="0">
  <testcase name="menLinkSelectProd" time="66.215" classname="com.testingshastra.pages.allLinkSelectprodTest"/>
</testsuite> <!-- com.testingshastra.pages.allLinkSelectprodTest -->
