<?xml version="1.0" encoding="UTF-8"?>
<!-- Generated by org.testng.reporters.JUnitReportReporter -->
<testsuite skipped="0" hostname="DESKTOP-7LQFQS6" name="com.testingshastra.pages.SearchAndSelectTest" tests="1" failures="0" timestamp="17 Jun 2020 03:55:29 GMT" time="45.337" errors="0">
  <testcase name="searchAndSelect" time="45.337" classname="com.testingshastra.pages.SearchAndSelectTest"/>
</testsuite> <!-- com.testingshastra.pages.SearchAndSelectTest -->
