<?xml version="1.0" encoding="UTF-8"?>
<!-- Generated by org.testng.reporters.JUnitReportReporter -->
<testsuite skipped="0" hostname="DESKTOP-7LQFQS6" name="com.testingshastra.pages.womenProductFilterTest$menProductFilterTest" tests="1" failures="0" timestamp="10 Jun 2020 00:33:16 GMT" time="14.774" errors="0">
  <testcase name="verifyCategeoriesCheckBoxFilter" time="14.774" classname="com.testingshastra.pages.womenProductFilterTest$menProductFilterTest"/>
</testsuite> <!-- com.testingshastra.pages.womenProductFilterTest$menProductFilterTest -->
