<?xml version="1.0" encoding="UTF-8"?>
<!-- Generated by org.testng.reporters.JUnitReportReporter -->
<testsuite skipped="0" hostname="DESKTOP-7LQFQS6" name="com.testingshastra.pages.menProductFilterTest" tests="1" failures="0" timestamp="09 Jun 2020 23:58:24 GMT" time="7.763" errors="0">
  <testcase name="verifyCategeoriesCheckBoxFilter" time="7.763" classname="com.testingshastra.pages.menProductFilterTest"/>
</testsuite> <!-- com.testingshastra.pages.menProductFilterTest -->
